빌드 시작: 2013-08-23 오후 5:16:41
     1>2 노드의 "C:\Git\Server\MultiTouchServer.ver2.vcxproj" 프로젝트(Build 대상)입니다.
     1>ClCompile:
         C:\Program Files (x86)\Microsoft Visual Studio 11.0\VC\bin\CL.exe /c /ZI /nologo /W3 /WX- /sdl /Od /Oy- /D WIN32 /D _DEBUG /D _WINDOWS /D _MBCS /Gm /EHsc /RTC1 /MDd /GS /fp:precise /Zc:wchar_t /Zc:forScope /Fo"Debug\\" /Fd"Debug\vc110.pdb" /Gd /TP /analyze- /errorReport:prompt Job_FileSendToAnd.cpp Job_FileSendToWPF.cpp
         Job_FileSendToWPF.cpp
         Job_FileSendToAnd.cpp
         코드를 생성하고 있습니다...
       Link:
         C:\Program Files (x86)\Microsoft Visual Studio 11.0\VC\bin\link.exe /ERRORREPORT:PROMPT /OUT:"C:\Git\Server\Debug\MultiTouchServer.ver2.exe" /INCREMENTAL /NOLOGO gdiplus.lib kernel32.lib user32.lib gdi32.lib winspool.lib comdlg32.lib advapi32.lib shell32.lib ole32.lib oleaut32.lib uuid.lib odbc32.lib odbccp32.lib /MANIFEST /MANIFESTUAC:"level='asInvoker' uiAccess='false'" /manifest:embed /DEBUG /PDB:"C:\Git\Server\Debug\MultiTouchServer.ver2.pdb" /SUBSYSTEM:WINDOWS /TLBID:1 /DYNAMICBASE /NXCOMPAT /IMPLIB:"C:\Git\Server\Debug\MultiTouchServer.ver2.lib" /MACHINE:X86 Debug\AndroidAccepter.obj
         Debug\CvControl.obj
         Debug\Job.obj
         Debug\Job_CaptureDisplay.obj
         Debug\Job_ContactSendToAnd.obj
         Debug\Job_RequestContacts.obj
         Debug\Job_FileSendToAnd.obj
         Debug\Job_FileSendToWPF.obj
         Debug\Job_SavePresentation.obj
         Debug\main.obj
         Debug\ThreadPool.obj
         Debug\Tokenizer.obj
         Debug\WPFReceiver.obj
         MultiTouchServer.ver2.vcxproj -> C:\Git\Server\Debug\MultiTouchServer.ver2.exe
     1>"C:\Git\Server\MultiTouchServer.ver2.vcxproj" 프로젝트를 빌드했습니다(Build 대상).

빌드했습니다.

경과 시간: 00:00:02.83
